<?xml version="1.0" encoding="UTF-8"?>
<!-- Generated by org.testng.reporters.JUnitReportReporter -->
<testsuite skipped="0" hostname="DESKTOP-KFUNODE" name="com.vtiger.test.LeadTest" tests="1" failures="0" timestamp="2022-07-13T16:08:35 IST" time="7.098" errors="0">
  <testcase name="creatLead" time="7.098" classname="com.vtiger.test.LeadTest"/>
  <system-out/>
</testsuite> <!-- com.vtiger.test.LeadTest -->
