<?xml version="1.0" encoding="UTF-8"?>
<!-- Generated by org.testng.reporters.JUnitReportReporter -->
<testsuite skipped="0" hostname="DESKTOP-KFUNODE" name="com.vtiger.test.LoginTest" tests="1" failures="0" timestamp="2022-07-13T16:08:35 IST" time="3.741" errors="0">
  <testcase name="validLogin" time="3.741" classname="com.vtiger.test.LoginTest"/>
  <system-out/>
</testsuite> <!-- com.vtiger.test.LoginTest -->
