<?xml version="1.0" encoding="UTF-8"?>
<!-- Generated by org.testng.reporters.JUnitReportReporter -->
<testsuite skipped="0" hostname="DESKTOP-KFUNODE" name="com.vtiger.test.LoginTest" tests="2" failures="0" timestamp="2022-07-13T16:42:05 IST" time="5.537" errors="0">
  <testcase name="InvalidLogin" time="2.001" classname="com.vtiger.test.LoginTest"/>
  <system-out/>
  <testcase name="validLogin" time="3.536" classname="com.vtiger.test.LoginTest"/>
  <system-out/>
</testsuite> <!-- com.vtiger.test.LoginTest -->
