<?xml version="1.0" encoding="UTF-8"?>
<!-- Generated by org.testng.reporters.JUnitReportReporter -->
<testsuite skipped="0" hostname="DESKTOP-KFUNODE" name="com.vtiger.test.LeadTest" tests="2" failures="0" timestamp="2022-07-13T16:42:05 IST" time="16.004" errors="0">
  <testcase name="creatLead" time="8.052" classname="com.vtiger.test.LeadTest"/>
  <system-out/>
  <testcase name="creatLead2" time="7.952" classname="com.vtiger.test.LeadTest"/>
  <system-out/>
</testsuite> <!-- com.vtiger.test.LeadTest -->
